<?xml version="1.0" encoding="UTF-8"?>
<!-- Generated by org.testng.reporters.JUnitXMLReporter -->
<testsuite ignored="0" hostname="LAPTOP-KTNMQLGH" failures="0" tests="4" name="Test2" time="24.39" errors="0" timestamp="2021-08-20T18:08:32 IDT">
  <testcase classname="tests.YnetHomeTestCase" name="ynetNewsSiteTest" time="6.726"/>
  <testcase classname="tests.YnetHomeTestCase" name="printCurrentWeather" time="0.03"/>
  <testcase classname="tests.YnetHomeTestCase" name="ChangeWeatherZone" time="0.133"/>
  <testcase classname="tests.YnetHomeTestCase" name="selectArticle" time="17.5"/>
</testsuite> <!-- Test2 -->
