<?xml version="1.0" encoding="UTF-8"?>
<!-- Generated by org.testng.reporters.JUnitXMLReporter -->
<testsuite ignored="0" hostname="LAPTOP-KTNMQLGH" failures="0" tests="3" name="Test1" time="14.28" errors="0" timestamp="2021-08-20T18:08:07 IDT">
  <testcase classname="tests.GooglePageTestCase" name="setupChromeDrive" time="1.411"/>
  <testcase classname="tests.GooglePageTestCase" name="searchInGoogleTest" time="2.807"/>
  <testcase classname="tests.GooglePageTestCase" name="VerifyGoogleResult" time="10.016"/>
</testsuite> <!-- Test1 -->
