<?xml version="1.0" encoding="UTF-8"?>
<!-- Generated by org.testng.reporters.JUnitXMLReporter -->
<testsuite ignored="0" hostname="LAPTOP-KTNMQLGH" failures="0" tests="3" name="Test1" time="15.554" errors="0" timestamp="2021-08-20T18:10:16 IDT">
  <testcase classname="tests.GooglePageTestCase" name="setupChromeDrive" time="1.19"/>
  <testcase classname="tests.GooglePageTestCase" name="searchInGoogleTest" time="4.278"/>
  <testcase classname="tests.GooglePageTestCase" name="VerifyGoogleResult" time="10.05"/>
</testsuite> <!-- Test1 -->
