<?xml version="1.0" encoding="UTF-8"?>
<!-- Generated by org.testng.reporters.JUnitXMLReporter -->
<testsuite ignored="0" hostname="LAPTOP-KTNMQLGH" failures="0" tests="4" name="Test4" time="65.733" errors="0" timestamp="2021-08-20T18:11:58 IDT">
  <testcase classname="tests.YnetHomeUpdateTestCase" name="verifyUpdatesIsDisplay" time="0.905"/>
  <testcase classname="tests.YnetHomeUpdateTestCase" name="isListMoving" time="35.73"/>
  <testcase classname="tests.YnetHomeUpdateTestCase" name="isListFreeze" time="28.859"/>
  <testcase classname="tests.YnetHomeUpdateTestCase" name="CloseChromeDrive" time="0.237"/>
</testsuite> <!-- Test4 -->
