<?xml version="1.0" encoding="UTF-8"?>
<!-- Generated by org.testng.reporters.JUnitXMLReporter -->
<testsuite ignored="0" hostname="LAPTOP-KTNMQLGH" failures="0" tests="4" name="Test2" time="34.011" errors="0" timestamp="2021-08-20T18:10:50 IDT">
  <testcase classname="tests.YnetHomeTestCase" name="ynetNewsSiteTest" time="19.543"/>
  <testcase classname="tests.YnetHomeTestCase" name="printCurrentWeather" time="0.025"/>
  <testcase classname="tests.YnetHomeTestCase" name="ChangeWeatherZone" time="0.137"/>
  <testcase classname="tests.YnetHomeTestCase" name="selectArticle" time="14.305"/>
</testsuite> <!-- Test2 -->
